<?xml version="1.0" encoding="UTF-8"?>
<!-- Generated by org.testng.reporters.JUnitReportReporter -->
<testsuite hostname="LAPTOP-UV4E4JKC" failures="0" tests="4" name="com.qa.ajkerpatrika.tests.LoginPageTest" time="15.416" errors="0" timestamp="07 Sep 2024 15:52:44 GMT" skipped="0">
  <testcase classname="com.qa.ajkerpatrika.tests.LoginPageTest" name="loginPageTitleTest" time="0.089"/>
  <testcase classname="com.qa.ajkerpatrika.tests.LoginPageTest" name="loginPageForgotpsswdLinkTest" time="1.230"/>
  <testcase classname="com.qa.ajkerpatrika.tests.LoginPageTest" name="loginPageRegisterLinkTest" time="0.054"/>
  <testcase classname="com.qa.ajkerpatrika.tests.LoginPageTest" name="loginTest" time="14.043"/>
</testsuite> <!-- com.qa.ajkerpatrika.tests.LoginPageTest -->
