<?xml version="1.0" encoding="UTF-8"?>
<!-- Generated by org.testng.reporters.JUnitReportReporter -->
<testsuite hostname="LAPTOP-UV4E4JKC" failures="0" tests="3" name="com.qa.ajkerpatrika.tests.SearchPageTest" time="0.166" errors="0" timestamp="07 Sep 2024 15:52:44 GMT" skipped="0">
  <testcase classname="com.qa.ajkerpatrika.tests.SearchPageTest" name="isSearchPageHeaderTest" time="0.051"/>
  <testcase classname="com.qa.ajkerpatrika.tests.SearchPageTest" name="webListSizeTest" time="0.101"/>
  <testcase classname="com.qa.ajkerpatrika.tests.SearchPageTest" name="secTabTest" time="0.014"/>
</testsuite> <!-- com.qa.ajkerpatrika.tests.SearchPageTest -->
