<?xml version="1.0" encoding="UTF-8"?>
<!-- Generated by org.testng.reporters.JUnitReportReporter -->
<testsuite hostname="LAPTOP-UV4E4JKC" failures="0" tests="3" name="com.qa.ajkerpatrika.tests.CountryPageTest" time="2.073" errors="0" timestamp="07 Sep 2024 15:52:44 GMT" skipped="0">
  <testcase classname="com.qa.ajkerpatrika.tests.CountryPageTest" name="countryPageTitleTest" time="0.013"/>
  <testcase classname="com.qa.ajkerpatrika.tests.CountryPageTest" name="CountryListTest" time="0.468"/>
  <testcase classname="com.qa.ajkerpatrika.tests.CountryPageTest" name="getUsAndCanadaPageLinkTest" time="1.592"/>
</testsuite> <!-- com.qa.ajkerpatrika.tests.CountryPageTest -->
