<?xml version="1.0" encoding="UTF-8"?>
<!-- Generated by org.testng.reporters.JUnitReportReporter -->
<testsuite hostname="LAPTOP-UV4E4JKC" failures="0" tests="8" name="com.qa.ajkerpatrika.tests.HomePageTest" time="10.645" errors="0" timestamp="07 Sep 2024 15:20:34 GMT" skipped="0">
  <testcase classname="com.qa.ajkerpatrika.tests.HomePageTest" name="getHomePageTitleTest" time="0.009"/>
  <testcase classname="com.qa.ajkerpatrika.tests.HomePageTest" name="mainMenuListTest" time="0.320"/>
  <testcase classname="com.qa.ajkerpatrika.tests.HomePageTest" name="isMoreMenuBtnExistTest" time="0.035"/>
  <testcase classname="com.qa.ajkerpatrika.tests.HomePageTest" name="mostRedListTest" time="0.153"/>
  <testcase classname="com.qa.ajkerpatrika.tests.HomePageTest" name="divListTest" time="1.136"/>
  <testcase classname="com.qa.ajkerpatrika.tests.HomePageTest" name="numOfTitleBarsTest" time="5.173"/>
  <testcase classname="com.qa.ajkerpatrika.tests.HomePageTest" name="moreMenuListSizeTest" time="0.824"/>
  <testcase classname="com.qa.ajkerpatrika.tests.HomePageTest" name="getFactCheckPageLinkTest" time="2.995"/>
</testsuite> <!-- com.qa.ajkerpatrika.tests.HomePageTest -->
