<?xml version="1.0" encoding="UTF-8"?>
<!-- Generated by org.testng.reporters.JUnitReportReporter -->
<testsuite hostname="LAPTOP-UV4E4JKC" failures="0" tests="3" name="com.qa.ajkerpatrika.tests.WorldPageTest" time="1.654" errors="0" timestamp="07 Sep 2024 15:52:44 GMT" skipped="0">
  <testcase classname="com.qa.ajkerpatrika.tests.WorldPageTest" name="worldPageTitleTest" time="0.008"/>
  <testcase classname="com.qa.ajkerpatrika.tests.WorldPageTest" name="worldListTest" time="0.248"/>
  <testcase classname="com.qa.ajkerpatrika.tests.WorldPageTest" name="getUsAndCanadaPageLinkTest" time="1.398"/>
</testsuite> <!-- com.qa.ajkerpatrika.tests.WorldPageTest -->
