<?xml version="1.0" encoding="UTF-8"?>
<!-- Generated by org.testng.reporters.JUnitReportReporter -->
<testsuite hostname="LAPTOP-UV4E4JKC" failures="0" tests="3" name="com.qa.ajkerpatrika.tests.WorldPageTest" time="1.775" errors="0" timestamp="07 Sep 2024 15:20:34 GMT" skipped="0">
  <testcase classname="com.qa.ajkerpatrika.tests.WorldPageTest" name="worldPageTitleTest" time="0.007"/>
  <testcase classname="com.qa.ajkerpatrika.tests.WorldPageTest" name="worldListTest" time="0.247"/>
  <testcase classname="com.qa.ajkerpatrika.tests.WorldPageTest" name="getUsAndCanadaPageLinkTest" time="1.521"/>
</testsuite> <!-- com.qa.ajkerpatrika.tests.WorldPageTest -->
