<?xml version="1.0" encoding="UTF-8"?>
<!-- Generated by org.testng.reporters.JUnitReportReporter -->
<testsuite hostname="LAPTOP-UV4E4JKC" failures="0" tests="8" name="com.qa.ajkerpatrika.tests.HomePageTest" time="11.215" errors="0" timestamp="07 Sep 2024 15:52:44 GMT" skipped="0">
  <testcase classname="com.qa.ajkerpatrika.tests.HomePageTest" name="getHomePageTitleTest" time="0.102"/>
  <testcase classname="com.qa.ajkerpatrika.tests.HomePageTest" name="mainMenuListTest" time="0.160"/>
  <testcase classname="com.qa.ajkerpatrika.tests.HomePageTest" name="isMoreMenuBtnExistTest" time="0.130"/>
  <testcase classname="com.qa.ajkerpatrika.tests.HomePageTest" name="mostRedListTest" time="0.159"/>
  <testcase classname="com.qa.ajkerpatrika.tests.HomePageTest" name="divListTest" time="1.091"/>
  <testcase classname="com.qa.ajkerpatrika.tests.HomePageTest" name="numOfTitleBarsTest" time="5.172"/>
  <testcase classname="com.qa.ajkerpatrika.tests.HomePageTest" name="moreMenuListSizeTest" time="0.775"/>
  <testcase classname="com.qa.ajkerpatrika.tests.HomePageTest" name="getFactCheckPageLinkTest" time="3.626"/>
</testsuite> <!-- com.qa.ajkerpatrika.tests.HomePageTest -->
