<?xml version="1.0" encoding="UTF-8"?>
<!-- Generated by org.testng.reporters.JUnitReportReporter -->
<testsuite hostname="LAPTOP-UV4E4JKC" failures="0" tests="3" name="com.qa.ajkerpatrika.tests.CountryPageTest" time="2.057" errors="0" timestamp="07 Sep 2024 15:20:34 GMT" skipped="0">
  <testcase classname="com.qa.ajkerpatrika.tests.CountryPageTest" name="countryPageTitleTest" time="0.008"/>
  <testcase classname="com.qa.ajkerpatrika.tests.CountryPageTest" name="CountryListTest" time="0.327"/>
  <testcase classname="com.qa.ajkerpatrika.tests.CountryPageTest" name="getUsAndCanadaPageLinkTest" time="1.722"/>
</testsuite> <!-- com.qa.ajkerpatrika.tests.CountryPageTest -->
